0 info it worked if it ends with ok
1 verbose cli [ '/Users/a12711/.nvm/versions/node/v5.0.0/bin/node',
1 verbose cli   '/Users/a12711/.nvm/versions/node/v5.0.0/bin/npm',
1 verbose cli   'start' ]
2 info using npm@3.3.6
3 info using node@v5.0.0
4 verbose run-script [ 'prestart', 'start', 'poststart' ]
5 info lifecycle machida-business@1.0.0~prestart: machida-business@1.0.0
6 silly lifecycle machida-business@1.0.0~prestart: no script for prestart, continuing
7 info lifecycle machida-business@1.0.0~start: machida-business@1.0.0
8 verbose lifecycle machida-business@1.0.0~start: unsafe-perm in lifecycle true
9 verbose lifecycle machida-business@1.0.0~start: PATH: /Users/a12711/.nvm/versions/node/v5.0.0/lib/node_modules/npm/bin/node-gyp-bin:/Users/a12711/Documents/git-localrepository/react-redux-materialui-sample/node_modules/.bin:/Users/a12711/anaconda/bin:/Users/a12711/.rbenv/shims:/Users/a12711/.rbenv/bin:/Users/a12711/.gvm/bin:/Users/a12711/.nvm/versions/node/v5.0.0/bin:/usr/local/heroku/bin:/usr/local/bin:/usr/bin:/bin:/usr/sbin:/sbin:/usr/local/go/bin:/Users/a12711/Library/Android/sdk/platform-tools:/Users/a12711/Library/Android/sdk/tools:/Users/a12711/Documents/go_appengine:/Users/a12711/work/bin:/Users/a12711/Documents/git-localrepository/erd/dist/build/erd:/usr/local/go/bin:/Users/a12711/Documents/git-localrepository/erd/dist/build/erd
10 verbose lifecycle machida-business@1.0.0~start: CWD: /Users/a12711/Documents/git-localrepository/react-redux-materialui-sample
11 silly lifecycle machida-business@1.0.0~start: Args: [ '-c',
11 silly lifecycle   'webpack-dev-server --hot --inline --progress --colors --port 9000 --history-api-fallback' ]
12 silly lifecycle machida-business@1.0.0~start: Returned: code: 1  signal: null
13 info lifecycle machida-business@1.0.0~start: Failed to exec start script
14 verbose stack Error: machida-business@1.0.0 start: `webpack-dev-server --hot --inline --progress --colors --port 9000 --history-api-fallback`
14 verbose stack Exit status 1
14 verbose stack     at EventEmitter.<anonymous> (/Users/a12711/.nvm/versions/node/v5.0.0/lib/node_modules/npm/lib/utils/lifecycle.js:233:16)
14 verbose stack     at emitTwo (events.js:87:13)
14 verbose stack     at EventEmitter.emit (events.js:172:7)
14 verbose stack     at ChildProcess.<anonymous> (/Users/a12711/.nvm/versions/node/v5.0.0/lib/node_modules/npm/lib/utils/spawn.js:24:14)
14 verbose stack     at emitTwo (events.js:87:13)
14 verbose stack     at ChildProcess.emit (events.js:172:7)
14 verbose stack     at maybeClose (internal/child_process.js:818:16)
14 verbose stack     at Process.ChildProcess._handle.onexit (internal/child_process.js:211:5)
15 verbose pkgid machida-business@1.0.0
16 verbose cwd /Users/a12711/Documents/git-localrepository/react-redux-materialui-sample
17 error Darwin 16.0.0
18 error argv "/Users/a12711/.nvm/versions/node/v5.0.0/bin/node" "/Users/a12711/.nvm/versions/node/v5.0.0/bin/npm" "start"
19 error node v5.0.0
20 error npm  v3.3.6
21 error code ELIFECYCLE
22 error machida-business@1.0.0 start: `webpack-dev-server --hot --inline --progress --colors --port 9000 --history-api-fallback`
22 error Exit status 1
23 error Failed at the machida-business@1.0.0 start script 'webpack-dev-server --hot --inline --progress --colors --port 9000 --history-api-fallback'.
23 error This is most likely a problem with the machida-business package,
23 error not with npm itself.
23 error Tell the author that this fails on your system:
23 error     webpack-dev-server --hot --inline --progress --colors --port 9000 --history-api-fallback
23 error You can get their info via:
23 error     npm owner ls machida-business
23 error There is likely additional logging output above.
24 verbose exit [ 1, true ]
